0 info it worked if it ends with ok
1 verbose cli [ 'C:\\Program Files\\nodejs\\node.exe',
1 verbose cli   'C:\\Program Files\\nodejs\\node_modules\\npm\\bin\\npm-cli.js',
1 verbose cli   'start' ]
2 info using npm@3.6.0
3 info using node@v5.6.0
4 verbose run-script [ 'prestart', 'start', 'poststart' ]
5 info lifecycle wangxiang@1.0.0~prestart: wangxiang@1.0.0
6 silly lifecycle wangxiang@1.0.0~prestart: no script for prestart, continuing
7 info lifecycle wangxiang@1.0.0~start: wangxiang@1.0.0
8 verbose lifecycle wangxiang@1.0.0~start: unsafe-perm in lifecycle true
9 verbose lifecycle wangxiang@1.0.0~start: PATH: C:\Program Files\nodejs\node_modules\npm\bin\node-gyp-bin;E:\workspace\ws-cashloan1.0.2\cashloan\cashloan-manage\src\main\node_modules\.bin;C:\Users\win10\bin;C:\Program Files\Git\mingw64\bin;C:\Program Files\Git\usr\local\bin;C:\Program Files\Git\usr\bin;C:\Program Files\Git\usr\bin;C:\Program Files\Git\mingw64\bin;C:\Program Files\Git\usr\bin;C:\Users\win10\bin;C:\Windows\system32;C:\Windows;C:\Windows\System32\Wbem;C:\Windows\System32\WindowsPowerShell\v1.0;C:\Program Files\nodejs;C:\Program Files\TortoiseSVN\bin;C:\Program Files\Git\cmd;C:\Program Files\Git\usr\bin;E:\program\apache-maven-3.1.1\bin;C:\Program Files\Java\jdk1.7.0_79\bin;E:\program\apache-tomcat-8.0.46\bin;C:\Users\win10\AppData\Local\Microsoft\WindowsApps;C:\Users\win10\AppData\Roaming\npm;C:\Program Files (x86)\Microsoft VS Code\bin;C:\Program Files\Git\usr\bin\vendor_perl;C:\Program Files\Git\usr\bin\core_perl
10 verbose lifecycle wangxiang@1.0.0~start: CWD: E:\workspace\ws-cashloan1.0.2\cashloan\cashloan-manage\src\main
11 silly lifecycle wangxiang@1.0.0~start: Args: [ '/d /s /c',
11 silly lifecycle   'webpack-dev-server react/main.js --devtool eval --progress --hot --inline --colors --content-base webapp/build' ]
12 silly lifecycle wangxiang@1.0.0~start: Returned: code: 1  signal: null
13 info lifecycle wangxiang@1.0.0~start: Failed to exec start script
14 verbose stack Error: wangxiang@1.0.0 start: `webpack-dev-server react/main.js --devtool eval --progress --hot --inline --colors --content-base webapp/build`
14 verbose stack Exit status 1
14 verbose stack     at EventEmitter.<anonymous> (C:\Program Files\nodejs\node_modules\npm\lib\utils\lifecycle.js:232:16)
14 verbose stack     at emitTwo (events.js:100:13)
14 verbose stack     at EventEmitter.emit (events.js:185:7)
14 verbose stack     at ChildProcess.<anonymous> (C:\Program Files\nodejs\node_modules\npm\lib\utils\spawn.js:24:14)
14 verbose stack     at emitTwo (events.js:100:13)
14 verbose stack     at ChildProcess.emit (events.js:185:7)
14 verbose stack     at maybeClose (internal/child_process.js:827:16)
14 verbose stack     at Process.ChildProcess._handle.onexit (internal/child_process.js:211:5)
15 verbose pkgid wangxiang@1.0.0
16 verbose cwd E:\workspace\ws-cashloan1.0.2\cashloan\cashloan-manage\src\main
17 error Windows_NT 10.0.14393
18 error argv "C:\\Program Files\\nodejs\\node.exe" "C:\\Program Files\\nodejs\\node_modules\\npm\\bin\\npm-cli.js" "start"
19 error node v5.6.0
20 error npm  v3.6.0
21 error code ELIFECYCLE
22 error wangxiang@1.0.0 start: `webpack-dev-server react/main.js --devtool eval --progress --hot --inline --colors --content-base webapp/build`
22 error Exit status 1
23 error Failed at the wangxiang@1.0.0 start script 'webpack-dev-server react/main.js --devtool eval --progress --hot --inline --colors --content-base webapp/build'.
23 error Make sure you have the latest version of node.js and npm installed.
23 error If you do, this is most likely a problem with the wangxiang package,
23 error not with npm itself.
23 error Tell the author that this fails on your system:
23 error     webpack-dev-server react/main.js --devtool eval --progress --hot --inline --colors --content-base webapp/build
23 error You can get information on how to open an issue for this project with:
23 error     npm bugs wangxiang
23 error Or if that isn't available, you can get their info via:
23 error     npm owner ls wangxiang
23 error There is likely additional logging output above.
24 verbose exit [ 1, true ]
